<?xml version="1.0" encoding="UTF-8"?>
<!-- Generated by org.testng.reporters.JUnitReportReporter -->
<testsuite skipped="0" hostname="Riaz" name="Capstone.AutomationPractice12.Property" tests="2" failures="0" timestamp="2025-04-07T12:04:51 EDT" time="18.148" errors="0">
  <testcase name="f" time="8.900" classname="Capstone.AutomationPractice12.Property"/>
  <system-out/>
  <testcase name="f" time="9.248" classname="Capstone.AutomationPractice12.Property"/>
  <system-out/>
</testsuite> <!-- Capstone.AutomationPractice12.Property -->
