<?xml version="1.0" encoding="UTF-8"?>
<!-- Generated by org.testng.reporters.JUnitReportReporter -->
<testsuite skipped="0" hostname="Riaz" name="Capstone.AutomationPractice12.TestNGAnnotations" tests="1" failures="0" timestamp="2025-04-02T12:36:20 EDT" time="0.007" errors="0">
  <testcase name="f" time="0.007" classname="Capstone.AutomationPractice12.TestNGAnnotations"/>
  <system-out/>
</testsuite> <!-- Capstone.AutomationPractice12.TestNGAnnotations -->
