<?xml version="1.0" encoding="UTF-8"?>
<!-- Generated by org.testng.reporters.JUnitReportReporter -->
<testsuite skipped="0" hostname="Riaz" name="Capstone.AutomationPractice12.Points" tests="6" failures="0" timestamp="2025-04-07T12:04:51 EDT" time="61.636" errors="0">
  <testcase name="f" time="10.917" classname="Capstone.AutomationPractice12.Points"/>
  <system-out/>
  <testcase name="f" time="9.575" classname="Capstone.AutomationPractice12.Points"/>
  <system-out/>
  <testcase name="f" time="10.045" classname="Capstone.AutomationPractice12.Points"/>
  <system-out/>
  <testcase name="f" time="9.878" classname="Capstone.AutomationPractice12.Points"/>
  <system-out/>
  <testcase name="f" time="10.228" classname="Capstone.AutomationPractice12.Points"/>
  <system-out/>
  <testcase name="f" time="10.993" classname="Capstone.AutomationPractice12.Points"/>
  <system-out/>
</testsuite> <!-- Capstone.AutomationPractice12.Points -->
