<?xml version="1.0" encoding="UTF-8"?>
<!-- Generated by org.testng.reporters.JUnitReportReporter -->
<testsuite skipped="0" hostname="Riaz" name="Capstone.AutomationPractice12.TextOfVerification" tests="4" failures="0" timestamp="2025-04-06T12:22:18 EDT" time="53.772" errors="0">
  <testcase name="signin" time="11.588" classname="Capstone.AutomationPractice12.TextOfVerification"/>
  <system-out/>
  <testcase name="signin" time="9.098" classname="Capstone.AutomationPractice12.TextOfVerification"/>
  <system-out/>
  <testcase name="f" time="17.362" classname="Capstone.AutomationPractice12.TextOfVerification"/>
  <system-out/>
  <testcase name="f" time="15.724" classname="Capstone.AutomationPractice12.TextOfVerification"/>
  <system-out/>
</testsuite> <!-- Capstone.AutomationPractice12.TextOfVerification -->
