<?xml version="1.0" encoding="UTF-8"?>
<!-- Generated by org.testng.reporters.JUnitReportReporter -->
<testsuite skipped="0" hostname="Riaz" name="Capstone.AutomationPractice12.SignToAmazon" tests="2" failures="0" timestamp="2025-04-06T12:22:18 EDT" time="22.412" errors="0">
  <testcase name="f" time="11.897" classname="Capstone.AutomationPractice12.SignToAmazon"/>
  <system-out/>
  <testcase name="f" time="10.515" classname="Capstone.AutomationPractice12.SignToAmazon"/>
  <system-out/>
</testsuite> <!-- Capstone.AutomationPractice12.SignToAmazon -->
